<?xml version="1.0" encoding="UTF-8"?>
<testsuite xmlns:xsi="http://www.w3.org/2001/XMLSchema-instance" xsi:noNamespaceSchemaLocation="https://maven.apache.org/surefire/maven-surefire-plugin/xsd/surefire-test-report-3.0.xsd" version="3.0" name="com.example.rentapp.service.UserServiceTests" time="6.027" tests="11" errors="0" skipped="0" failures="0">
  <properties>
[...]
</properties>
  <testcase name="loadUserByUsername_success" classname="com.example.rentapp.service.UserServiceTests" time="5.732">
    <system-err><![CDATA[WARNING: A Java agent has been loaded dynamically (C:\Users\fsome\.m2\repository\net\bytebuddy\byte-buddy-agent\1.14.10\byte-buddy-agent-1.14.10.jar)
WARNING: If a serviceability tool is in use, please run with -XX:+EnableDynamicAgentLoading to hide this warning
WARNING: If a serviceability tool is not in use, please run with -Djdk.instrument.traceUsage for more information
WARNING: Dynamic loading of agents will be disallowed by default in a future release
]]></system-err>
  </testcase>
  <testcase name="loadUserByUsername_throwsWhenNotFound" classname="com.example.rentapp.service.UserServiceTests" time="0.016"/>
  <testcase name="existsByLogin_false" classname="com.example.rentapp.service.UserServiceTests" time="0.013"/>
  <testcase name="existsByEmail_true" classname="com.example.rentapp.service.UserServiceTests" time="0.009"/>
  <testcase name="save_existingUser" classname="com.example.rentapp.service.UserServiceTests" time="0.07"/>
  <testcase name="existsByEmail_false" classname="com.example.rentapp.service.UserServiceTests" time="0.011"/>
  <testcase name="registerUser_passwordIsEncoded" classname="com.example.rentapp.service.UserServiceTests" time="0.037"/>
  <testcase name="existsByLogin_true" classname="com.example.rentapp.service.UserServiceTests" time="0.01"/>
  <testcase name="findByLogin_notFound" classname="com.example.rentapp.service.UserServiceTests" time="0.009"/>
  <testcase name="registerUser_success_normalCase" classname="com.example.rentapp.service.UserServiceTests" time="0.021"/>
  <testcase name="findByLogin_found" classname="com.example.rentapp.service.UserServiceTests" time="0.009"/>
</testsuite>